<?xml version="1.0" encoding="UTF-8" standalone="no"?>
<testsuite failures="0" name="cucumber.runtime.formatter.JUnitFormatter" skipped="0" tests="4" time="52.597077">
<testcase classname="Automation Login feature" name="Login test with invalid details" time="15.304731">
<system-out><![CDATA[Given User is on automation practice website................................passed
When The user enters the invalid login credentials..........................passed
And The user clicks on login button.........................................passed
Then The user is presented with validation message..........................passed
]]></system-out>
</testcase>
<testcase classname="Automation Login feature" name="Login test with valid details" time="12.364731">
<system-out><![CDATA[Given User is on automation practice website................................passed
When The user enters the valid login details................................passed
And The user clicks on login button.........................................passed
Then The user is presented with landing page................................passed
]]></system-out>
</testcase>
<testcase classname="Automation Login feature" name="Login test with valid details without using examples" time="12.342546">
<system-out><![CDATA[Given User is on automation practice website................................passed
When The user enters the valid "mymail@aol.com" and "hello123"..............passed
And The user clicks on login button.........................................passed
Then The user is presented with landing page................................passed
]]></system-out>
</testcase>
<testcase classname="Automation Login feature" name="Login test with valid details using examples" time="12.585069">
<system-out><![CDATA[Given User is on automation practice website................................passed
When The user enters the valid username and password........................passed
And The user clicks on login button.........................................passed
Then The user is presented with landing page................................passed
]]></system-out>
</testcase>
</testsuite>
